<?xml version="1.0" encoding="UTF-8"?>
<!-- Generated by org.testng.reporters.JUnitReportReporter -->
<testsuite hostname="LAPTOP-GLAJOS1C" failures="0" tests="1" name="runners.TestRunner" time="40.930" errors="0" timestamp="2024-08-11T11:32:04 IST" skipped="0">
  <testcase classname="runners.TestRunner" name="runScenario" time="40.930"/>
</testsuite> <!-- runners.TestRunner -->
