<?xml version="1.0" encoding="UTF-8"?>
<!-- Generated by org.testng.reporters.JUnitReportReporter -->
<testsuite hostname="LAPTOP-GLAJOS1C" failures="0" tests="1" name="runners.TestRunner" time="55.582" errors="0" timestamp="2024-08-11T09:32:58 IST" skipped="0">
  <testcase classname="runners.TestRunner" name="runScenario" time="55.582"/>
</testsuite> <!-- runners.TestRunner -->
